
SQL*Loader: Release 9.2.0.6.0 - Production on 星期三 12月 19 14:09:23 2007

Copyright (c) 1982, 2002, Oracle Corporation.  All rights reserved.

Control File:   eded.ctl
Data File:      EDED.txt
  Bad File:     EDED.bad
  Discard File:  none specified
 
 (Allow all discards)

Number to load: ALL
Number to skip: 0
Errors allowed: 50
Bind array:     64 rows, maximum of 256000 bytes
Continuation:    none specified
Path used:      Conventional

Table TEMP_UP_EDED_08, loaded from every logical record.
Insert option in effect for this table: APPEND

   Column Name                  Position   Len  Term Encl Datatype
------------------------------ ---------- ----- ---- ---- ---------------------
BUSI_TYPE                           FIRST     *   ,       CHARACTER            
ROW_NUM                              NEXT     *   ,       CHARACTER            
BILL_ID                              NEXT     *   ,       CHARACTER            
SP_CODE                              NEXT     *   ,       CHARACTER            
DED_TYPE                             NEXT     *   ,       CHARACTER            
USE_TIME                             NEXT     *   ,       CHARACTER            
DED_TIME                             NEXT     *   ,       CHARACTER            
FEE                                  NEXT     *   ,       CHARACTER            


Table TEMP_UP_EDED_08:
  265160 Rows successfully loaded.
  0 Rows not loaded due to data errors.
  0 Rows not loaded because all WHEN clauses were failed.
  0 Rows not loaded because all fields were null.


Space allocated for bind array:                 132096 bytes(64 rows)
Read   buffer bytes: 1048576

Total logical records skipped:          0
Total logical records read:        265160
Total logical records rejected:         0
Total logical records discarded:        0

Run began on 星期三 12月 19 14:09:23 2007
Run ended on 星期三 12月 19 14:09:37 2007

Elapsed time was:     00:00:14.90
CPU time was:         00:00:04.05
