
SQL*Plus: Release 9.2.0.6.0 - Production on 星期四 9月 14 10:10:24 2006

Copyright (c) 1982, 2002, Oracle Corporation.  All rights reserved.


Connected to:
Oracle9i Enterprise Edition Release 9.2.0.1.0 - 64bit Production
With the Partitioning, OLAP and Oracle Data Mining options
JServer Release 9.2.0.1.0 - Production


Index created.


Index created.


Index created.


Index created.


Index created.


Index created.


Index created.


Index created.


Index created.


Index created.


Index created.


Index created.


Index created.

Disconnected from Oracle9i Enterprise Edition Release 9.2.0.1.0 - 64bit Production
With the Partitioning, OLAP and Oracle Data Mining options
JServer Release 9.2.0.1.0 - Production

SQL*Plus: Release 9.2.0.6.0 - Production on 星期四 9月 14 18:16:16 2006

Copyright (c) 1982, 2002, Oracle Corporation.  All rights reserved.


Connected to:
Oracle9i Enterprise Edition Release 9.2.0.1.0 - 64bit Production
With the Partitioning, OLAP and Oracle Data Mining options
JServer Release 9.2.0.1.0 - Production


SQL*Plus: Release 9.2.0.6.0 - Production on 星期四 9月 14 18:16:37 2006

Copyright (c) 1982, 2002, Oracle Corporation.  All rights reserved.


Connected to:
Oracle9i Enterprise Edition Release 9.2.0.1.0 - 64bit Production
With the Partitioning, OLAP and Oracle Data Mining options
JServer Release 9.2.0.1.0 - Production


Index created.


Index created.


Index created.


Index created.


Index created.


Index created.


Index created.


Index created.


Index created.


Index created.


Index created.


Index created.


Index created.


Index created.


Index created.


Index created.


Index created.


Index created.


Index created.


Index created.


Index created.


Index created.


Index created.


Index created.


Index created.

Disconnected from Oracle9i Enterprise Edition Release 9.2.0.1.0 - 64bit Production
With the Partitioning, OLAP and Oracle Data Mining options
JServer Release 9.2.0.1.0 - Production

Index created.

Disconnected from Oracle9i Enterprise Edition Release 9.2.0.1.0 - 64bit Production
With the Partitioning, OLAP and Oracle Data Mining options
JServer Release 9.2.0.1.0 - Production

SQL*Plus: Release 9.2.0.6.0 - Production on 星期五 9月 15 10:09:33 2006

Copyright (c) 1982, 2002, Oracle Corporation.  All rights reserved.


Connected to:
Oracle9i Enterprise Edition Release 9.2.0.1.0 - 64bit Production
With the Partitioning, OLAP and Oracle Data Mining options
JServer Release 9.2.0.1.0 - Production


SQL*Plus: Release 9.2.0.6.0 - Production on 星期五 9月 15 10:09:59 2006

Copyright (c) 1982, 2002, Oracle Corporation.  All rights reserved.


Connected to:
Oracle9i Enterprise Edition Release 9.2.0.1.0 - 64bit Production
With the Partitioning, OLAP and Oracle Data Mining options
JServer Release 9.2.0.1.0 - Production


Index created.


Index created.


Index created.


Index created.


Index created.


Index created.


Index created.


Index created.


Index created.


Index created.


Index created.


Index created.


Index created.


Index created.


Index created.


Index created.



Index created.Index created.




Index created.


Index created.


Index created.


Index created.


Index created.


Index created.


Index created.


Index created.


Index created.


Index created.

Disconnected from Oracle9i Enterprise Edition Release 9.2.0.1.0 - 64bit Production
With the Partitioning, OLAP and Oracle Data Mining options
JServer Release 9.2.0.1.0 - Production
Disconnected from Oracle9i Enterprise Edition Release 9.2.0.1.0 - 64bit Production
With the Partitioning, OLAP and Oracle Data Mining options
JServer Release 9.2.0.1.0 - Production

SQL*Plus: Release 9.2.0.6.0 - Production on 星期四 9月 28 12:53:26 2006

Copyright (c) 1982, 2002, Oracle Corporation.  All rights reserved.


Connected to:
Oracle9i Enterprise Edition Release 9.2.0.1.0 - 64bit Production
With the Partitioning, OLAP and Oracle Data Mining options
JServer Release 9.2.0.1.0 - Production


SQL*Plus: Release 9.2.0.6.0 - Production on 星期四 9月 28 12:54:07 2006

Copyright (c) 1982, 2002, Oracle Corporation.  All rights reserved.


Connected to:
Oracle9i Enterprise Edition Release 9.2.0.1.0 - 64bit Production
With the Partitioning, OLAP and Oracle Data Mining options
JServer Release 9.2.0.1.0 - Production


Index created.


SQL*Plus: Release 9.2.0.6.0 - Production on 星期四 9月 28 13:04:18 2006

Copyright (c) 1982, 2002, Oracle Corporation.  All rights reserved.


Connected to:
Oracle9i Enterprise Edition Release 9.2.0.1.0 - 64bit Production
With the Partitioning, OLAP and Oracle Data Mining options
JServer Release 9.2.0.1.0 - Production


SQL*Plus: Release 9.2.0.6.0 - Production on 星期四 9月 28 13:04:40 2006

Copyright (c) 1982, 2002, Oracle Corporation.  All rights reserved.


Connected to:
Oracle9i Enterprise Edition Release 9.2.0.1.0 - 64bit Production
With the Partitioning, OLAP and Oracle Data Mining options
JServer Release 9.2.0.1.0 - Production

create index IDX_WJ_SMS_20060901_ODN on DR_WJ_SMS_20060901 (ODN) tablespace AIJS_DR_IDX
             *
ERROR at line 1:
ORA-00955: name is already used by an existing object


create index IDX_WJ_SMS_20060902_ODN on DR_WJ_SMS_20060902 (ODN) tablespace AIJS_DR_IDX
             *
ERROR at line 1:
ORA-00955: name is already used by an existing object


create index IDX_WJ_SMS_20060903_ODN on DR_WJ_SMS_20060903 (ODN) tablespace AIJS_DR_IDX
             *
ERROR at line 1:
ORA-00955: name is already used by an existing object


create index IDX_WJ_SMS_20060904_ODN on DR_WJ_SMS_20060904 (ODN) tablespace AIJS_DR_IDX
             *
ERROR at line 1:
ORA-00955: name is already used by an existing object


create index IDX_WJ_SMS_20060905_ODN on DR_WJ_SMS_20060905 (ODN) tablespace AIJS_DR_IDX
             *
ERROR at line 1:
ORA-00955: name is already used by an existing object


create index IDX_WJ_SMS_20060906_ODN on DR_WJ_SMS_20060906 (ODN) tablespace AIJS_DR_IDX
             *
ERROR at line 1:
ORA-00955: name is already used by an existing object


create index IDX_WJ_SMS_20060907_ODN on DR_WJ_SMS_20060907 (ODN) tablespace AIJS_DR_IDX
             *
ERROR at line 1:
ORA-00955: name is already used by an existing object


create index IDX_WJ_SMS_20060908_ODN on DR_WJ_SMS_20060908 (ODN) tablespace AIJS_DR_IDX
             *
ERROR at line 1:
ORA-00955: name is already used by an existing object


create index IDX_WJ_SMS_20060909_ODN on DR_WJ_SMS_20060909 (ODN) tablespace AIJS_DR_IDX
             *
ERROR at line 1:
ORA-00955: name is already used by an existing object


create index IDX_WJ_SMS_20060910_ODN on DR_WJ_SMS_20060910 (ODN) tablespace AIJS_DR_IDX
             *
ERROR at line 1:
ORA-00955: name is already used by an existing object


create index IDX_WJ_SMS_20060911_ODN on DR_WJ_SMS_20060911 (ODN) tablespace AIJS_DR_IDX
             *
ERROR at line 1:
ORA-00955: name is already used by an existing object


create index IDX_WJ_SMS_20060912_ODN on DR_WJ_SMS_20060912 (ODN) tablespace AIJS_DR_IDX
             *
ERROR at line 1:
ORA-00955: name is already used by an existing object


create index IDX_WJ_SMS_20060913_ODN on DR_WJ_SMS_20060913 (ODN) tablespace AIJS_DR_IDX
             *
ERROR at line 1:
ORA-00955: name is already used by an existing object


create index IDX_WJ_SMS_20060914_ODN on DR_WJ_SMS_20060914 (ODN) tablespace AIJS_DR_IDX
             *
ERROR at line 1:
ORA-00955: name is already used by an existing object



Index created.


Index created.


Index created.


Index created.


Index created.


Index created.


Index created.


Index created.


Index created.


Index created.


Index created.


Index created.


Index created.

Disconnected from Oracle9i Enterprise Edition Release 9.2.0.1.0 - 64bit Production
With the Partitioning, OLAP and Oracle Data Mining options
JServer Release 9.2.0.1.0 - Production

SQL*Plus: Release 9.2.0.6.0 - Production on 星期四 9月 28 13:05:13 2006

Copyright (c) 1982, 2002, Oracle Corporation.  All rights reserved.


Connected to:
Oracle9i Enterprise Edition Release 9.2.0.1.0 - 64bit Production
With the Partitioning, OLAP and Oracle Data Mining options
JServer Release 9.2.0.1.0 - Production

create index IDX_WJ_SMS_20060901_TDN on DR_WJ_SMS_20060901 (TDN) tablespace AIJS_DR_IDX
             *
ERROR at line 1:
ORA-00955: name is already used by an existing object


create index IDX_WJ_SMS_20060902_TDN on DR_WJ_SMS_20060902 (TDN) tablespace AIJS_DR_IDX
             *
ERROR at line 1:
ORA-00955: name is already used by an existing object


create index IDX_WJ_SMS_20060903_TDN on DR_WJ_SMS_20060903 (TDN) tablespace AIJS_DR_IDX
             *
ERROR at line 1:
ORA-00955: name is already used by an existing object


create index IDX_WJ_SMS_20060904_TDN on DR_WJ_SMS_20060904 (TDN) tablespace AIJS_DR_IDX
             *
ERROR at line 1:
ORA-00955: name is already used by an existing object


create index IDX_WJ_SMS_20060905_TDN on DR_WJ_SMS_20060905 (TDN) tablespace AIJS_DR_IDX
             *
ERROR at line 1:
ORA-00955: name is already used by an existing object


create index IDX_WJ_SMS_20060906_TDN on DR_WJ_SMS_20060906 (TDN) tablespace AIJS_DR_IDX
             *
ERROR at line 1:
ORA-00955: name is already used by an existing object


create index IDX_WJ_SMS_20060907_TDN on DR_WJ_SMS_20060907 (TDN) tablespace AIJS_DR_IDX
             *
ERROR at line 1:
ORA-00955: name is already used by an existing object


create index IDX_WJ_SMS_20060908_TDN on DR_WJ_SMS_20060908 (TDN) tablespace AIJS_DR_IDX
             *
ERROR at line 1:
ORA-00955: name is already used by an existing object


create index IDX_WJ_SMS_20060909_TDN on DR_WJ_SMS_20060909 (TDN) tablespace AIJS_DR_IDX
             *
ERROR at line 1:
ORA-00955: name is already used by an existing object


create index IDX_WJ_SMS_20060910_TDN on DR_WJ_SMS_20060910 (TDN) tablespace AIJS_DR_IDX
             *
ERROR at line 1:
ORA-00955: name is already used by an existing object


create index IDX_WJ_SMS_20060911_TDN on DR_WJ_SMS_20060911 (TDN) tablespace AIJS_DR_IDX
             *
ERROR at line 1:
ORA-00955: name is already used by an existing object


create index IDX_WJ_SMS_20060912_TDN on DR_WJ_SMS_20060912 (TDN) tablespace AIJS_DR_IDX
             *
ERROR at line 1:
ORA-00955: name is already used by an existing object


create index IDX_WJ_SMS_20060913_TDN on DR_WJ_SMS_20060913 (TDN) tablespace AIJS_DR_IDX
             *
ERROR at line 1:
ORA-00955: name is already used by an existing object


create index IDX_WJ_SMS_20060914_TDN on DR_WJ_SMS_20060914 (TDN) tablespace AIJS_DR_IDX
             *
ERROR at line 1:
ORA-00955: name is already used by an existing object



Index created.


Index created.


Index created.


Index created.


Index created.


Index created.


Index created.


Index created.


Index created.


Index created.


Index created.


Index created.


Index created.

Disconnected from Oracle9i Enterprise Edition Release 9.2.0.1.0 - 64bit Production
With the Partitioning, OLAP and Oracle Data Mining options
JServer Release 9.2.0.1.0 - Production

Index created.


Index created.


Index created.


Index created.


Index created.


Index created.


Index created.


Index created.


Index created.


Index created.


Index created.


Index created.


Index created.


Index created.


Index created.


Index created.


Index created.


Index created.


Index created.


Index created.


Index created.


Index created.


Index created.


Index created.


Index created.


Index created.


Index created.


Index created.


Index created.


Index created.


Index created.


Index created.


Index created.


Index created.


Index created.


Index created.

Disconnected from Oracle9i Enterprise Edition Release 9.2.0.1.0 - 64bit Production
With the Partitioning, OLAP and Oracle Data Mining options
JServer Release 9.2.0.1.0 - Production

Index created.


Index created.


Index created.


Index created.


Index created.


Index created.


Index created.


Index created.


Index created.


Index created.


Index created.


Index created.


Index created.


Index created.


Index created.


Index created.


Index created.

Disconnected from Oracle9i Enterprise Edition Release 9.2.0.1.0 - 64bit Production
With the Partitioning, OLAP and Oracle Data Mining options
JServer Release 9.2.0.1.0 - Production
