
SQL*Loader: Release 9.2.0.6.0 - Production on 星期一 6月 28 17:56:23 2010

Copyright (c) 1982, 2002, Oracle Corporation.  All rights reserved.

Control File:   mobilewin.ctl.new
Data File:      /data/aijs/wjsms/center/scripts/spdz/MOBILEWIN/mobilewin.txt
  Bad File:     mobilewin.bad
  Discard File:  none specified
 
 (Allow all discards)

Number to load: ALL
Number to skip: 0
Errors allowed: 50
Bind array:     64 rows, maximum of 256000 bytes
Continuation:    none specified
Path used:      Conventional

Table PLT_MOBILEWIN, loaded from every logical record.
Insert option in effect for this table: APPEND
TRAILING NULLCOLS option in effect

   Column Name                  Position   Len  Term Encl Datatype
------------------------------ ---------- ----- ---- ---- ---------------------
HPLMN2                              FIRST     *   ,       CHARACTER            
TRADEMARK                            NEXT     *   ,       CHARACTER            
BILL_MONTH                           NEXT     *   ,       CHARACTER            
DATA_SOURCE                          NEXT     *   ,       CHARACTER            
CHARGE_CODE                          NEXT     *   ,       CHARACTER            
CHARGE_VALUE                         NEXT     *   ,       CHARACTER            
RESERVERD1                           NEXT     *   ,       CHARACTER            
RESERVERD2                           NEXT     *   ,       CHARACTER            
RESERVERD3                           NEXT     *   ,       CHARACTER            

Record 2: Rejected - Error on table PLT_MOBILEWIN, column RESERVERD1.
ORA-12899: value too large for column "AIJS"."PLT_MOBILEWIN"."RESERVERD1" (actual: 30, maximum: 20)

Record 4: Rejected - Error on table PLT_MOBILEWIN, column HPLMN2.
ORA-12899: value too large for column "AIJS"."PLT_MOBILEWIN"."HPLMN2" (actual: 25, maximum: 5)


Table PLT_MOBILEWIN:
  2 Rows successfully loaded.
  2 Rows not loaded due to data errors.
  0 Rows not loaded because all WHEN clauses were failed.
  0 Rows not loaded because all fields were null.


Space allocated for bind array:                 148608 bytes(64 rows)
Read   buffer bytes: 1048576

Total logical records skipped:          0
Total logical records read:             4
Total logical records rejected:         2
Total logical records discarded:        0

Run began on 星期一 6月  28 17:56:23 2010
Run ended on 星期一 6月  28 17:56:23 2010

Elapsed time was:     00:00:00.25
CPU time was:         00:00:00.06
